2021-08-13T09:38:25+00:00 CRITICAL Maximum execution time of 30 seconds exceeded in E:\xampp\htdocs\projects\2021\ngf\ngf-cn\plugins\woocommerce\packages\woocommerce-admin\src\Features\OnboardingTasks.php on line 15

2021-08-13T09:39:04+00:00 CRITICAL Maximum execution time of 30 seconds exceeded in E:\xampp\htdocs\projects\2021\ngf\wp-includes\Requests\Transport\cURL.php on line 441

2021-08-13T09:40:02+00:00 CRITICAL Uncaught Error: Call to undefined method DateTime::setTime() in E:\xampp\htdocs\projects\2021\ngf\ngf-cn\plugins\wpforms\src\Pro\Reports\EntriesCount.php:53
Stack trace:
#0 E:\xampp\htdocs\projects\2021\ngf\ngf-cn\plugins\wpforms\src\Emails\Summaries.php(246): WPForms\Pro\Reports\EntriesCount->get_by('form', 0, 7, 'previous sunday')
#1 E:\xampp\htdocs\projects\2021\ngf\ngf-cn\plugins\wpforms\src\Emails\Summaries.php(194): WPForms\Emails\Summaries->get_entries()
#2 E:\xampp\htdocs\projects\2021\ngf\wp-includes\class-wp-hook.php(292): WPForms\Emails\Summaries->cron()
#3 E:\xampp\htdocs\projects\2021\ngf\wp-includes\class-wp-hook.php(316): WP_Hook->apply_filters('', Array)
#4 E:\xampp\htdocs\projects\2021\ngf\wp-includes\plugin.php(551): WP_Hook->do_action(Array)
#5 E:\xampp\htdocs\projects\2021\ngf\wp-cron.php(138): do_action_ref_array('wpforms_email_s...', Array)
#6 {main}
  thrown in E:\xampp\htdocs\projects\2021\ngf\ngf-cn\plugins\wpforms\src\Pro\Reports\EntriesCount.php on line 53

2021-08-13T09:40:12+00:00 CRITICAL Maximum execution time of 30 seconds exceeded in E:\xampp\htdocs\projects\2021\ngf\wp-includes\wp-db.php on line 2056

2021-08-13T09:46:01+00:00 CRITICAL Maximum execution time of 300 seconds exceeded in E:\xampp\htdocs\projects\2021\ngf\wp-includes\Requests\Transport\cURL.php on line 163

2021-08-13T11:56:00+00:00 CRITICAL Maximum execution time of 30 seconds exceeded in E:\xampp\htdocs\projects\2021\ngf\ngf-cn\plugins\duplicate-post\src\watchers\class-copied-post-watcher.php on line 15

2021-08-13T11:56:45+00:00 CRITICAL Maximum execution time of 30 seconds exceeded in E:\xampp\htdocs\projects\2021\ngf\ngf-cn\plugins\advanced-custom-fields-pro\includes\fields\class-acf-field-user.php on line 3

2021-08-13T11:57:10+00:00 CRITICAL Maximum execution time of 30 seconds exceeded in E:\xampp\htdocs\projects\2021\ngf\ngf-cn\plugins\woocommerce\includes\admin\class-wc-admin-meta-boxes.php on line 17

2021-08-13T12:01:10+00:00 CRITICAL Maximum execution time of 30 seconds exceeded in E:\xampp\htdocs\projects\2021\ngf\ngf-cn\plugins\woocommerce\packages\woocommerce-blocks\src\AssetsController.php on line 14

2021-08-13T12:03:12+00:00 CRITICAL Maximum execution time of 30 seconds exceeded in E:\xampp\htdocs\projects\2021\ngf\ngf-cn\plugins\wpforms\includes\admin\class-review.php on line 8

2021-08-13T12:05:13+00:00 CRITICAL Maximum execution time of 30 seconds exceeded in E:\xampp\htdocs\projects\2021\ngf\ngf-cn\plugins\woocommerce\packages\woocommerce-blocks\src\BlockTypes\ProductCategory.php on line 7

